<?xml version="1.0" encoding="UTF-8"?>
<testsuite name="Scenario: Verify timline is displayed in correct format" time="1.836" tests="18" errors="0" skipped="0" failures="0">
  <properties>
[...]
</properties>
  <testcase name="Given I am on Darksky HomePage" classname="Scenario: Verify invalid signup error message" time="0.759"/>
  <testcase name="Given I am on the darksky Register page" classname="Scenario: Verify invalid signup error message" time="0.001"/>
  <testcase name="When I click on Register button" classname="Scenario: Verify invalid signup error message" time="0.001"/>
  <testcase name="Then I verify im still on register page" classname="Scenario: Verify invalid signup error message" time="0"/>
  <testcase name="Scenario: Verify invalid signup error message" classname="Scenario: Verify invalid signup error message" time="0.366"/>
  <testcase name="Given I am on Darksky HomePage" classname="Scenario: Verify Current Temperature should not be greater or less than the Temperature from Daily Timeline" time="0.008"/>
  <testcase name="Given I am on the DarkSky Home Page" classname="Scenario: Verify Current Temperature should not be greater or less than the Temperature from Daily Timeline" time="0.001"/>
  <testcase name="Then I verify current temp is not greater or less then temps from daily timeline" classname="Scenario: Verify Current Temperature should not be greater or less than the Temperature from Daily Timeline" time="0.001"/>
  <testcase name="Scenario: Verify Current Temperature should not be greater or less than the Temperature from Daily Timeline" classname="Scenario: Verify Current Temperature should not be greater or less than the Temperature from Daily Timeline" time="0.179"/>
  <testcase name="Given I am on Darksky HomePage" classname="Scenario: Verify individual day temp timeline" time="0.004"/>
  <testcase name="Given I am on the DarkSky Home Page" classname="Scenario: Verify individual day temp timeline" time="0"/>
  <testcase name="When I expand todays timeline" classname="Scenario: Verify individual day temp timeline" time="0"/>
  <testcase name="Then I verify lowest and highest temp is displayed correctly" classname="Scenario: Verify individual day temp timeline" time="0"/>
  <testcase name="Scenario: Verify individual day temp timeline" classname="Scenario: Verify individual day temp timeline" time="0.181"/>
  <testcase name="Given I am on Darksky HomePage" classname="Scenario: Verify timline is displayed in correct format" time="0.003"/>
  <testcase name="Given I am on the DarkSky Home Page" classname="Scenario: Verify timline is displayed in correct format" time="0"/>
  <testcase name="Then I verify timeline is displayed with two hours incremented" classname="Scenario: Verify timline is displayed in correct format" time="0"/>
  <testcase name="Scenario: Verify timline is displayed in correct format" classname="Scenario: Verify timline is displayed in correct format" time="0.332"/>
</testsuite>